[    0.000000] Initializing cgroup subsys cpuset
[    0.000000] Initializing cgroup subsys cpu
[    0.000000] Initializing cgroup subsys cpuacct
[    0.000000] Linux version 4.4.0-72-generic (buildd@lcy01-17) (gcc version 5.4.0 20160609 (Ubuntu 5.4.0-6ubuntu1~16.04.4) ) #93-Ubuntu SMP Fri Mar 31 14:07:41 UTC 2017 (Ubuntu 4.4.0-72.93-generic 4.4.49)
[    0.000000] Command line: BOOT_IMAGE=/boot/vmlinuz-4.4.0-72-generic root=LABEL=cloudimg-rootfs ro console=tty1 console=ttyS0
[    0.000000] KERNEL supported cpus:
[    0.000000]   Intel GenuineIntel
[    0.000000]   AMD AuthenticAMD
[    0.000000]   Centaur CentaurHauls
[    0.000000] x86/fpu: Legacy x87 FPU detected.
[    0.000000] x86/fpu: Using 'lazy' FPU context switches.
[    0.000000] e820: BIOS-provided physical RAM map:
[    0.000000] BIOS-e820: [mem 0x0000000000000000-0x000000000009fbff] usable
[    0.000000] BIOS-e820: [mem 0x000000000009fc00-0x000000000009ffff] reserved
[    0.000000] BIOS-e820: [mem 0x00000000000f0000-0x00000000000fffff] reserved
[    0.000000] BIOS-e820: [mem 0x0000000000100000-0x000000007ffeffff] usable
[    0.000000] BIOS-e820: [mem 0x000000007fff0000-0x000000007fffffff] ACPI data
[    0.000000] BIOS-e820: [mem 0x00000000fec00000-0x00000000fec00fff] reserved
[    0.000000] BIOS-e820: [mem 0x00000000fee00000-0x00000000fee00fff] reserved
[    0.000000] BIOS-e820: [mem 0x00000000fffc0000-0x00000000ffffffff] reserved
[    0.000000] NX (Execute Disable) protection: active
[    0.000000] SMBIOS 2.5 present.
[    0.000000] Hypervisor detected: KVM
[    0.000000] e820: last_pfn = 0x7fff0 max_arch_pfn = 0x400000000
[    0.000000] MTRR: Disabled
[    0.000000] x86/PAT: MTRRs disabled, skipping PAT initialization too.
[    0.000000] x86/PAT: Configuration [0-7]: WB  WT  UC- UC  WB  WT  UC- UC  
[    0.000000] CPU MTRRs all blank - virtualized system.
[    0.000000] found SMP MP-table at [mem 0x0009fff0-0x0009ffff] mapped at [ffff88000009fff0]
[    0.000000] Scanning 1 areas for low memory corruption
[    0.000000] RAMDISK: [mem 0x36ade000-0x37566fff]
[    0.000000] ACPI: Early table checksum verification disabled
[    0.000000] ACPI: RSDP 0x00000000000E0000 000024 (v02 VBOX  )
[    0.000000] ACPI: XSDT 0x000000007FFF0030 00003C (v01 VBOX   VBOXXSDT 00000001 ASL  00000061)
[    0.000000] ACPI: FACP 0x000000007FFF00F0 0000F4 (v04 VBOX   VBOXFACP 00000001 ASL  00000061)
[    0.000000] ACPI: DSDT 0x000000007FFF0470 0021C8 (v02 VBOX   VBOXBIOS 00000002 INTL 20100528)
[    0.000000] ACPI: FACS 0x000000007FFF0200 000040
[    0.000000] ACPI: FACS 0x000000007FFF0200 000040
[    0.000000] ACPI: APIC 0x000000007FFF0240 00005C (v02 VBOX   VBOXAPIC 00000001 ASL  00000061)
[    0.000000] ACPI: SSDT 0x000000007FFF02A0 0001CC (v01 VBOX   VBOXCPUT 00000002 INTL 20100528)
[    0.000000] No NUMA configuration found
[    0.000000] Faking a node at [mem 0x0000000000000000-0x000000007ffeffff]
[    0.000000] NODE_DATA(0) allocated [mem 0x7ffeb000-0x7ffeffff]
[    0.000000] kvm-clock: Using msrs 4b564d01 and 4b564d00
[    0.000000] kvm-clock: cpu 0, msr 0:7ffe3001, primary cpu clock
[    0.000000] kvm-clock: using sched offset of 3179601163 cycles
[    0.000000] clocksource: kvm-clock: mask: 0xffffffffffffffff max_cycles: 0x1cd42e4dffb, max_idle_ns: 881590591483 ns
[    0.000000] Zone ranges:
[    0.000000]   DMA      [mem 0x0000000000001000-0x0000000000ffffff]
[    0.000000]   DMA32    [mem 0x0000000001000000-0x000000007ffeffff]
[    0.000000]   Normal   empty
[    0.000000]   Device   empty
[    0.000000] Movable zone start for each node
[    0.000000] Early memory node ranges
[    0.000000]   node   0: [mem 0x0000000000001000-0x000000000009efff]
[    0.000000]   node   0: [mem 0x0000000000100000-0x000000007ffeffff]
[    0.000000] Initmem setup node 0 [mem 0x0000000000001000-0x000000007ffeffff]
[    0.000000] ACPI: PM-Timer IO Port: 0x4008
[    0.000000] IOAPIC[0]: apic_id 2, version 32, address 0xfec00000, GSI 0-23
[    0.000000] ACPI: INT_SRC_OVR (bus 0 bus_irq 0 global_irq 2 dfl dfl)
[    0.000000] ACPI: INT_SRC_OVR (bus 0 bus_irq 9 global_irq 9 high level)
[    0.000000] Using ACPI (MADT) for SMP configuration information
[    0.000000] smpboot: Allowing 2 CPUs, 0 hotplug CPUs
[    0.000000] PM: Registered nosave memory: [mem 0x00000000-0x00000fff]
[    0.000000] PM: Registered nosave memory: [mem 0x0009f000-0x0009ffff]
[    0.000000] PM: Registered nosave memory: [mem 0x000a0000-0x000effff]
[    0.000000] PM: Registered nosave memory: [mem 0x000f0000-0x000fffff]
[    0.000000] e820: [mem 0x80000000-0xfebfffff] available for PCI devices
[    0.000000] Booting paravirtualized kernel on KVM
[    0.000000] clocksource: refined-jiffies: mask: 0xffffffff max_cycles: 0xffffffff, max_idle_ns: 7645519600211568 ns
[    0.000000] setup_percpu: NR_CPUS:512 nr_cpumask_bits:512 nr_cpu_ids:2 nr_node_ids:1
[    0.000000] PERCPU: Embedded 33 pages/cpu @ffff88007fc00000 s98264 r8192 d28712 u1048576
[    0.000000] PV qspinlock hash table entries: 256 (order: 0, 4096 bytes)
[    0.000000] Built 1 zonelists in Node order, mobility grouping on.  Total pages: 515961
[    0.000000] Policy zone: DMA32
[    0.000000] Kernel command line: BOOT_IMAGE=/boot/vmlinuz-4.4.0-72-generic root=LABEL=cloudimg-rootfs ro console=tty1 console=ttyS0
[    0.000000] PID hash table entries: 4096 (order: 3, 32768 bytes)
[    0.000000] Memory: 2033984K/2096696K available (8452K kernel code, 1293K rwdata, 3976K rodata, 1484K init, 1316K bss, 62712K reserved, 0K cma-reserved)
[    0.000000] SLUB: HWalign=64, Order=0-3, MinObjects=0, CPUs=2, Nodes=1
[    0.000000] Hierarchical RCU implementation.
[    0.000000] 	Build-time adjustment of leaf fanout to 64.
[    0.000000] 	RCU restricting CPUs from NR_CPUS=512 to nr_cpu_ids=2.
[    0.000000] RCU: Adjusting geometry for rcu_fanout_leaf=64, nr_cpu_ids=2
[    0.000000] NR_IRQS:33024 nr_irqs:440 16
[    0.000000] Console: colour VGA+ 80x25
[    0.000000] console [tty1] enabled
[    0.000000] console [ttyS0] enabled
[    0.000000] tsc: Detected 2660.154 MHz processor
[    1.324266] Calibrating delay loop (skipped) preset value.. 5320.30 BogoMIPS (lpj=10640616)
[    1.332935] pid_max: default: 32768 minimum: 301
[    1.358616] ACPI: Core revision 20150930
[    1.381250] ACPI: 2 ACPI AML tables successfully acquired and loaded
[    1.397460] Security Framework initialized
[    1.400861] Yama: becoming mindful.
[    1.407163] AppArmor: AppArmor initialized
[    1.410329] Dentry cache hash table entries: 262144 (order: 9, 2097152 bytes)
[    1.426647] Inode-cache hash table entries: 131072 (order: 8, 1048576 bytes)
[    1.438060] Mount-cache hash table entries: 4096 (order: 3, 32768 bytes)
[    1.447532] Mountpoint-cache hash table entries: 4096 (order: 3, 32768 bytes)
[    1.467905] Initializing cgroup subsys io
[    1.475641] Initializing cgroup subsys memory
[    1.485738] Initializing cgroup subsys devices
[    1.503227] Initializing cgroup subsys freezer
[    1.517517] Initializing cgroup subsys net_cls
[    1.538110] Initializing cgroup subsys perf_event
[    1.548012] Initializing cgroup subsys net_prio
[    1.571480] Initializing cgroup subsys hugetlb
[    1.596865] Initializing cgroup subsys pids
[    1.632470] CPU: Physical Processor ID: 0
[    1.638783] CPU: Processor Core ID: 0
[    1.645134] mce: CPU supports 0 MCE banks
[    1.668296] Last level iTLB entries: 4KB 512, 2MB 7, 4MB 7
[    1.676137] Last level dTLB entries: 4KB 512, 2MB 32, 4MB 32, 1GB 0
[    1.686837] Freeing SMP alternatives memory: 32K (ffffffff820b8000 - ffffffff820c0000)
[    1.726977] ftrace: allocating 32111 entries in 126 pages
[    1.784501] smpboot: APIC(0) Converting physical 0 to logical package 0
[    1.791435] smpboot: Max logical packages: 1
[    1.804219] x2apic enabled
[    1.816141] Switched APIC routing to physical x2apic.
[    1.818528] ..TIMER: vector=0x30 apic1=0 pin1=2 apic2=-1 pin2=-1
[    1.954615] smpboot: CPU0: Intel(R) Core(TM) i7 CPU       M 620  @ 2.67GHz (family: 0x6, model: 0x25, stepping: 0x5)
[    2.039449] Performance Events: unsupported p6 CPU model 37 no PMU driver, software events only.
[    2.079781] KVM setup paravirtual spinlock
[    2.113048] x86: Booting SMP configuration:
[    2.151479] .... node  #0, CPUs:      #1
[    2.190892] kvm-clock: cpu 1, msr 0:7ffe3041, secondary cpu clock
[    2.196106] mce: CPU supports 0 MCE banks
[    2.208253] x86: Booted up 1 node, 2 CPUs
[    2.210916] smpboot: Total of 2 processors activated (10640.61 BogoMIPS)
[    2.220118] devtmpfs: initialized
[    2.246902] evm: security.selinux
[    2.260713] evm: security.SMACK64
[    2.261574] evm: security.SMACK64EXEC
[    2.262484] evm: security.SMACK64TRANSMUTE
[    2.263491] evm: security.SMACK64MMAP
[    2.264407] evm: security.ima
[    2.278044] evm: security.capability
[    2.284674] clocksource: jiffies: mask: 0xffffffff max_cycles: 0xffffffff, max_idle_ns: 7645041785100000 ns
[    2.316716] pinctrl core: initialized pinctrl subsystem
[    2.341246] RTC time: 20:33:44, date: 04/17/17
[    2.357773] NET: Registered protocol family 16
[    2.410506] cpuidle: using governor ladder
[    2.426997] cpuidle: using governor menu
[    2.430887] PCCT header not found.
[    2.463349] ACPI: bus type PCI registered
[    2.466771] acpiphp: ACPI Hot Plug PCI Controller Driver version: 0.5
[    2.476710] PCI: Using configuration type 1 for base access
[    2.491469] ACPI: Added _OSI(Module Device)
[    2.493905] ACPI: Added _OSI(Processor Device)
[    2.517674] ACPI: Added _OSI(3.0 _SCP Extensions)
[    2.520245] ACPI: Added _OSI(Processor Aggregator Device)
[    2.534251] ACPI: Executed 1 blocks of module-level executable AML code
[    2.565799] ACPI: Interpreter enabled
[    2.577284] ACPI: (supports S0 S5)
[    2.583515] ACPI: Using IOAPIC for interrupt routing
[    2.599453] PCI: Using host bridge windows from ACPI; if necessary, use "pci=nocrs" and report a bug
[    2.620379] ACPI: PCI Root Bridge [PCI0] (domain 0000 [bus 00-ff])
[    2.645607] acpi PNP0A03:00: _OSC: OS supports [ASPM ClockPM Segments MSI]
[    2.661651] acpi PNP0A03:00: _OSC failed (AE_NOT_FOUND); disabling ASPM
[    2.678765] acpi PNP0A03:00: fail to add MMCONFIG information, can't access extended PCI configuration space under this bridge.
[    2.731330] PCI host bridge to bus 0000:00
[    2.755304] pci_bus 0000:00: root bus resource [io  0x0000-0x0cf7 window]
[    2.765079] pci_bus 0000:00: root bus resource [io  0x0d00-0xffff window]
[    2.773825] pci_bus 0000:00: root bus resource [mem 0x000a0000-0x000bffff window]
[    2.780978] pci_bus 0000:00: root bus resource [mem 0x80000000-0xffdfffff window]
[    2.786679] pci_bus 0000:00: root bus resource [bus 00-ff]
[    2.804735] pci 0000:00:01.1: legacy IDE quirk: reg 0x10: [io  0x01f0-0x01f7]
[    2.812834] pci 0000:00:01.1: legacy IDE quirk: reg 0x14: [io  0x03f6]
[    2.819107] pci 0000:00:01.1: legacy IDE quirk: reg 0x18: [io  0x0170-0x0177]
[    2.821868] pci 0000:00:01.1: legacy IDE quirk: reg 0x1c: [io  0x0376]
[    2.878595] pci 0000:00:07.0: quirk: [io  0x4000-0x403f] claimed by PIIX4 ACPI
[    2.902601] pci 0000:00:07.0: quirk: [io  0x4100-0x410f] claimed by PIIX4 SMB
[    2.941302] ACPI: PCI Interrupt Link [LNKA] (IRQs 5 9 10 *11)
[    2.952308] ACPI: PCI Interrupt Link [LNKB] (IRQs 5 9 10 *11)
[    2.970631] ACPI: PCI Interrupt Link [LNKC] (IRQs 5 9 *10 11)
[    3.006534] ACPI: PCI Interrupt Link [LNKD] (IRQs 5 *9 10 11)
[    3.021684] ACPI: Enabled 2 GPEs in block 00 to 07
[    3.047995] vgaarb: setting as boot device: PCI:0000:00:02.0
[    3.078154] vgaarb: device added: PCI:0000:00:02.0,decodes=io+mem,owns=io+mem,locks=none
[    3.096290] vgaarb: loaded
[    3.105394] vgaarb: bridge control possible 0000:00:02.0
[    3.107562] SCSI subsystem initialized
[    3.109940] ACPI: bus type USB registered
[    3.117372] usbcore: registered new interface driver usbfs
[    3.123996] usbcore: registered new interface driver hub
[    3.139178] usbcore: registered new device driver usb
[    3.153736] PCI: Using ACPI for IRQ routing
[    3.155187] NetLabel: Initializing
[    3.164726] NetLabel:  domain hash size = 128
[    3.177651] NetLabel:  protocols = UNLABELED CIPSOv4
[    3.178944] NetLabel:  unlabeled traffic allowed by default
[    3.191065] amd_nb: Cannot enumerate AMD northbridges
[    3.193758] clocksource: Switched to clocksource kvm-clock
[    3.208980] AppArmor: AppArmor Filesystem Enabled
[    3.216018] pnp: PnP ACPI init
[    3.223536] pnp: PnP ACPI: found 3 devices
[    3.274599] clocksource: acpi_pm: mask: 0xffffff max_cycles: 0xffffff, max_idle_ns: 2085701024 ns
[    3.286205] NET: Registered protocol family 2
[    3.298407] TCP established hash table entries: 16384 (order: 5, 131072 bytes)
[    3.334794] TCP bind hash table entries: 16384 (order: 6, 262144 bytes)
[    3.336341] TCP: Hash tables configured (established 16384 bind 16384)
[    3.354313] UDP hash table entries: 1024 (order: 3, 32768 bytes)
[    3.357344] UDP-Lite hash table entries: 1024 (order: 3, 32768 bytes)
[    3.426912] NET: Registered protocol family 1
[    3.466355] pci 0000:00:00.0: Limiting direct PCI/PCI transfers
[    3.516662] pci 0000:00:01.0: Activating ISA DMA hang workarounds
[    3.535640] Unpacking initramfs...
[    5.655292] Freeing initrd memory: 10788K (ffff880036ade000 - ffff880037567000)
[    5.664149] platform rtc_cmos: registered platform RTC device (no PNP device found)
[    5.674204] Scanning for low memory corruption every 60 seconds
[    5.687817] futex hash table entries: 512 (order: 3, 32768 bytes)
[    5.700045] audit: initializing netlink subsys (disabled)
[    5.718265] audit: type=2000 audit(1492461229.658:1): initialized
[    5.727567] Initialise system trusted keyring
[    5.762320] HugeTLB registered 2 MB page size, pre-allocated 0 pages
[    5.814067] zbud: loaded
[    5.816969] VFS: Disk quotas dquot_6.6.0
[    5.880654] VFS: Dquot-cache hash table entries: 512 (order 0, 4096 bytes)
[    5.887265] squashfs: version 4.0 (2009/01/31) Phillip Lougher
[    5.937383] fuse init (API version 7.23)
[    5.970104] Key type big_key registered
[    5.997201] Allocating IMA MOK and blacklist keyrings.
[    6.060454] Key type asymmetric registered
[    6.116908] Asymmetric key parser 'x509' registered
[    6.128472] Block layer SCSI generic (bsg) driver version 0.4 loaded (major 249)
[    6.156916] io scheduler noop registered
[    6.167892] io scheduler deadline registered (default)
[    6.178284] io scheduler cfq registered
[    6.196502] pci_hotplug: PCI Hot Plug PCI Core version: 0.5
[    6.236218] pciehp: PCI Express Hot Plug Controller Driver version: 0.4
[    6.247827] ACPI: AC Adapter [AC] (on-line)
[    6.259210] input: Power Button as /devices/LNXSYSTM:00/LNXPWRBN:00/input/input0
[    6.270595] ACPI: Power Button [PWRF]
[    6.280187] input: Sleep Button as /devices/LNXSYSTM:00/LNXSLPBN:00/input/input1
[    6.290798] ACPI: Sleep Button [SLPF]
[    6.309852] ACPI: Battery Slot [BAT0] (battery present)
[    6.309940] GHES: HEST is not enabled!
[    6.336336] Serial: 8250/16550 driver, 32 ports, IRQ sharing enabled
[    6.397002] 00:02: ttyS0 at I/O 0x3f8 (irq = 4, base_baud = 115200) is a 16550A
[    6.428132] Linux agpgart interface v0.103
[    6.438749] loop: module loaded
[    6.439407] scsi host0: ata_piix
[    6.439485] scsi host1: ata_piix
[    6.439521] ata1: PATA max UDMA/33 cmd 0x1f0 ctl 0x3f6 bmdma 0xd000 irq 14
[    6.439522] ata2: PATA max UDMA/33 cmd 0x170 ctl 0x376 bmdma 0xd008 irq 15
[    6.439603] libphy: Fixed MDIO Bus: probed
[    6.439606] tun: Universal TUN/TAP device driver, 1.6
[    6.439606] tun: (C) 1999-2004 Max Krasnyansky <maxk@qualcomm.com>
[    6.439666] PPP generic driver version 2.4.2
[    6.439722] ehci_hcd: USB 2.0 'Enhanced' Host Controller (EHCI) Driver
[    6.439727] ehci-pci: EHCI PCI platform driver
[    6.439745] ehci-platform: EHCI generic platform driver
[    6.439754] ohci_hcd: USB 1.1 'Open' Host Controller (OHCI) Driver
[    6.439760] ohci-pci: OHCI PCI platform driver
[    6.439769] ohci-platform: OHCI generic platform driver
[    6.439775] uhci_hcd: USB Universal Host Controller Interface driver
[    6.439840] i8042: PNP: PS/2 Controller [PNP0303:PS2K,PNP0f03:PS2M] at 0x60,0x64 irq 1,12
[    6.440324] serio: i8042 KBD port at 0x60,0x64 irq 1
[    6.440329] serio: i8042 AUX port at 0x60,0x64 irq 12
[    6.440448] mousedev: PS/2 mouse device common for all mice
[    6.440789] input: AT Translated Set 2 keyboard as /devices/platform/i8042/serio0/input/input2
[    6.441182] rtc_cmos rtc_cmos: rtc core: registered rtc_cmos as rtc0
[    6.441246] rtc_cmos rtc_cmos: alarms up to one day, 114 bytes nvram
[    6.441254] i2c /dev entries driver
[    6.441317] device-mapper: uevent: version 1.0.3
[    6.441383] device-mapper: ioctl: 4.34.0-ioctl (2015-10-28) initialised: dm-devel@redhat.com
[    6.441402] ledtrig-cpu: registered to indicate activity on CPUs
[    6.441698] NET: Registered protocol family 10
[    6.441887] NET: Registered protocol family 17
[    6.441900] Key type dns_resolver registered
[    6.442056] microcode: CPU0 sig=0x20655, pf=0x4, revision=0x616
[    6.450617] microcode: CPU1 sig=0x20655, pf=0x4, revision=0x616
[    6.450752] microcode: Microcode Update Driver: v2.01 <tigran@aivazian.fsnet.co.uk>, Peter Oruba
[    6.451105] registered taskstats version 1
[    6.451127] Loading compiled-in X.509 certificates
[    6.452204] Loaded X.509 cert 'Build time autogenerated kernel key: 04ae903e4643330d1fe41947e79c28b436494994'
[    6.452234] zswap: loaded using pool lzo/zbud
[    6.454608] Key type trusted registered
[    6.457175] Key type encrypted registered
[    6.457180] AppArmor: AppArmor sha1 policy hashing enabled
[    6.457182] ima: No TPM chip found, activating TPM-bypass!
[    6.457203] evm: HMAC attrs: 0x1
[    6.457644]   Magic number: 13:416:599
[    6.457667] serial8250 serial8250: hash matches
[    6.461267] rtc_cmos rtc_cmos: setting system clock to 2017-04-17 20:33:48 UTC (1492461228)
[    6.461372] BIOS EDD facility v0.16 2004-Jun-25, 0 devices found
[    6.461372] EDD information not available.
[    7.526844] tsc: Refined TSC clocksource calibration: 2660.203 MHz
[    7.586802] clocksource: tsc: mask: 0xffffffffffffffff max_cycles: 0x265863ade10, max_idle_ns: 440795305419 ns
[    7.590592] Freeing unused kernel memory: 1484K (ffffffff81f45000 - ffffffff820b8000)
[    7.597848] Write protecting the kernel read-only data: 14336k
[    7.609196] Freeing unused kernel memory: 1776K (ffff880001844000 - ffff880001a00000)
[    7.636213] Freeing unused kernel memory: 120K (ffff880001de2000 - ffff880001e00000)
Loading, please wait...
starting version[    7.663280] random: systemd-udevd: uninitialized urandom read (16 bytes read, 4 bits of entropy available)
 229
[    7.664090] random: udevadm: uninitialized urandom read (16 bytes read, 4 bits of entropy available)
[    7.664139] random: udevadm: uninitialized urandom read (16 bytes read, 4 bits of entropy available)
[    7.664287] random: udevadm: uninitialized urandom read (16 bytes read, 4 bits of entropy available)
[    7.664342] random: udevadm: uninitialized urandom read (16 bytes read, 4 bits of entropy available)
[    7.664399] random: udevadm: uninitialized urandom read (16 bytes read, 4 bits of entropy available)
[    7.664457] random: udevadm: uninitialized urandom read (16 bytes read, 4 bits of entropy available)
[    7.664513] random: udevadm: uninitialized urandom read (16 bytes read, 4 bits of entropy available)
[    7.664579] random: udevadm: uninitialized urandom read (16 bytes read, 4 bits of entropy available)
[    7.664636] random: udevadm: uninitialized urandom read (16 bytes read, 4 bits of entropy available)
[    7.826312] Fusion MPT base driver 3.04.20
[    7.836611] Copyright (c) 1999-2008 LSI Corporation
[    7.854684] e1000: Intel(R) PRO/1000 Network Driver - version 7.3.21-k8-NAPI
[    7.858449] e1000: Copyright (c) 1999-2006 Intel Corporation.
[    7.877484] Fusion MPT SPI Host driver 3.04.20
[    7.890923] SSE version of gcm_enc/dec engaged.
[    8.071332] input: ImExPS/2 Generic Explorer Mouse as /devices/platform/i8042/serio1/input/input4
[    8.250553] e1000 0000:00:03.0 eth0: (PCI:33MHz:32-bit) 02:a6:c0:ed:0e:40
[    8.331282] e1000 0000:00:03.0 eth0: Intel(R) PRO/1000 Network Connection
[    8.341723] mptbase: ioc0: Initiating bringup
[    8.406066] ioc0: LSI53C1030 A0: Capabilities={Initiator}
[    8.588505] scsi host2: ioc0: LSI53C1030 A0, FwRev=00000000h, Ports=1, MaxQ=256, IRQ=20
[    8.714927] scsi 2:0:0:0: Direct-Access     VBOX     HARDDISK         1.0  PQ: 0 ANSI: 5
[    8.744680] scsi target2:0:0: Beginning Domain Validation
[    8.749382] scsi target2:0:0: Domain Validation skipping write tests
[    8.753631] scsi target2:0:0: Ending Domain Validation
[    8.757619] scsi target2:0:0: asynchronous
[    8.766020] scsi 2:0:1:0: Direct-Access     VBOX     HARDDISK         1.0  PQ: 0 ANSI: 5
[    8.781606] scsi target2:0:1: Beginning Domain Validation
[    8.786823] scsi target2:0:1: Domain Validation skipping write tests
[    8.791555] scsi target2:0:1: Ending Domain Validation
[    8.796656] scsi target2:0:1: asynchronous
[    8.901677] sd 2:0:0:0: Attached scsi generic sg0 type 0
[    8.909016] sd 2:0:0:0: [sda] 20971520 512-byte logical blocks: (10.7 GB/10.0 GiB)
[    8.924704] sd 2:0:1:0: [sdb] 20480 512-byte logical blocks: (10.5 MB/10.0 MiB)
[    8.928778] sd 2:0:1:0: [sdb] Write Protect is off
[    8.931521] sd 2:0:1:0: Attached scsi generic sg1 type 0
[    8.935768] sd 2:0:1:0: [sdb] Incomplete mode parameter data
[    8.940961] sd 2:0:1:0: [sdb] Assuming drive cache: write through
[    8.947415] sd 2:0:0:0: [sda] Write Protect is off
[    8.959375] sd 2:0:0:0: [sda] Incomplete mode parameter data
[    8.961293] sd 2:0:0:0: [sda] Assuming drive cache: write through
[    8.965503] sd 2:0:1:0: [sdb] Attached SCSI disk
[    8.985075]  sda: sda1
[    8.987668] sd 2:0:0:0: [sda] Attached SCSI disk
[    9.116850] e1000 0000:00:08.0 eth1: (PCI:33MHz:32-bit) 08:00:27:4a:67:9a
[    9.154215] e1000 0000:00:08.0 eth1: Intel(R) PRO/1000 Network Connection
[    9.174168] e1000 0000:00:08.0 enp0s8: renamed from eth1
[    9.186479] e1000 0000:00:03.0 enp0s3: renamed from eth0
[   10.854855] floppy0: no floppy controllers found
Begin: Loading e[   12.264855] md: linear personality registered for level -1
ssential drivers ... [   12.274368] md: multipath personality registered for level -4
[   12.280552] md: raid0 personality registered for level 0
[   12.286193] md: raid1 personality registered for level 1
[   12.391222] raid6: sse2x1   gen()  6947 MB/s
[   12.474648] raid6: sse2x1   xor()  5773 MB/s
[   12.554521] raid6: sse2x2   gen()  9759 MB/s
[   12.638480] raid6: sse2x2   xor()  6448 MB/s
[   12.753854] raid6: sse2x4   gen()  5648 MB/s
[   12.835771] raid6: sse2x4   xor()  5740 MB/s
[   12.856071] raid6: using algorithm sse2x2 gen() 9759 MB/s
[   12.872034] raid6: .... xor() 6448 MB/s, rmw enabled
[   12.883556] raid6: using ssse3x2 recovery algorithm
[   12.893973] xor: measuring software checksum speed
[   12.963456]    prefetch64-sse: 12295.000 MB/sec
[   13.009829]    generic_sse: 10229.000 MB/sec
[   13.024637] xor: using function: prefetch64-sse (12295.000 MB/sec)
[   13.051163] async_tx: api initialized (async)
[   13.085147] md: raid6 personality registered for level 6
[   13.139136] md: raid5 personality registered for level 5
[   13.150993] md: raid4 personality registered for level 4
[   13.164688] md: raid10 personality registered for level 10
done.
Begin: Running /scripts/init-premount ... done.
Begin: Mounting root file system ... Begin: Running /scripts/local-top ... done.
Begin: Running /scripts/local-premount ... [   13.214206] Btrfs loaded
Scanning for Btrfs filesystems
done.
Warning: fsck not present, so skipping root file system
[   13.264106] EXT4-fs (sda1): mounted filesystem with ordered data mode. Opts: (null)
done.
Begin: Running /scripts/local-bottom ... done.
Begin: Running /scripts/init-bottom ... done.
[   13.371891] systemd[1]: systemd 229 running in system mode. (+PAM +AUDIT +SELINUX +IMA +APPARMOR +SMACK +SYSVINIT +UTMP +LIBCRYPTSETUP +GCRYPT +GNUTLS +ACL +XZ -LZ4 +SECCOMP +BLKID +ELFUTILS +KMOD -IDN)
[   13.428723] systemd[1]: Detected virtualization oracle.
[   13.431611] systemd[1]: Detected architecture x86-64.

Welcome to [1mUbuntu 16.04.2 LTS[0m!

[   13.510553] systemd[1]: Set hostname to <ubuntu>.
[   13.518067] systemd[1]: Initializing machine ID from random generator.
[   13.537475] systemd[1]: Installed transient /etc/machine-id file.
[   13.702674] systemd[1]: Started Forward Password Requests to Wall Directory Watch.
[[0;32m  OK  [0m] Started Forward Password Requests to Wall Directory Watch.
[   13.766611] systemd[1]: Reached target User and Group Name Lookups.
[[0;32m  OK  [0m] Reached target User and Group Name Lookups.
[   13.817112] systemd[1]: Set up automount Arbitrary Executable File Formats File System Automount Point.
[[0;32m  OK  [0m] Set up automount Arbitrary Executab...ats File System Automount Point.
[   13.938248] systemd[1]: Listening on Device-mapper event daemon FIFOs.
[[0;32m  OK  [0m] Listening on Device-mapper event daemon FIFOs.
[   14.026315] systemd[1]: Listening on LVM2 metadata daemon socket.
[[0;32m  OK  [0m] Listening on LVM2 metadata daemon socket.
[   14.090358] systemd[1]: Listening on /dev/initctl Compatibility Named Pipe.
[[0;32m  OK  [0m] Listening on /dev/initctl Compatibility Named Pipe.
[   14.110647] systemd[1]: Created slice System Slice.
[[0;32m  OK  [0m] Created slice System Slice.
[   14.126945] systemd[1]: Created slice system-serial\x2dgetty.slice.
[[0;32m  OK  [0m] Created slice system-serial\x2dgetty.slice.
[   14.163453] systemd[1]: Reached target Swap.
[[0;32m  OK  [0m] Reached target Swap.
[   14.194207] systemd[1]: Listening on udev Kernel Socket.
[[0;32m  OK  [0m] Listening on udev Kernel Socket.
[   14.226453] systemd[1]: Listening on LVM2 poll daemon socket.
[[0;32m  OK  [0m] Listening on LVM2 poll daemon socket.
[   14.262339] systemd[1]: Reached target Encrypted Volumes.
[[0;32m  OK  [0m] Reached target Encrypted Volumes.
[   14.286651] systemd[1]: Listening on Journal Socket.
[[0;32m  OK  [0m] Listening on Journal Socket.
[   14.354506] systemd[1]: Starting Monitoring of LVM2 mirrors, snapshots etc. using dmeventd or progress polling...
         Starting Monitoring of LVM2 mirrors... dmeventd or progress polling...
[   14.449938] systemd[1]: Mounting Huge Pages File System...
         Mounting Huge Pages File System...
[   14.526451] systemd[1]: Starting Load Kernel Modules...
[   14.555199] Loading iSCSI transport class v2.0-870.
         Startin[   14.592494] iscsi: registered transport (tcp)
g Load Kernel Modules...
[   14.631427] iscsi: registered transport (iser)
[   14.662525] systemd[1]: Starting Uncomplicated firewall...
         Starting Uncomplicated firewall...
[   14.687109] systemd[1]: Starting Create list of required static device nodes for the current kernel...
         Starting Create list of required st... nodes for the current kernel...
[   14.830211] systemd[1]: Starting Set console keymap...
         Starting Set console keymap...
[   14.866228] systemd[1]: Mounting POSIX Message Queue File System...
         Mounting POSIX Message Queue File System...
[   14.917973] systemd[1]: Mounting Debug File System...
         Mounting Debug File System...
[   14.950319] systemd[1]: Listening on Journal Audit Socket.
[[0;32m  OK  [0m] Listening on Journal Audit Socket.
[   15.038218] systemd[1]: Listening on udev Control Socket.
[[0;32m  OK  [0m] Listening on udev Control Socket.
[   15.074578] systemd[1]: Created slice User and Session Slice.
[[0;32m  OK  [0m] Created slice User and Session Slice.
[   15.158236] systemd[1]: Listening on Journal Socket (/dev/log).
[[0;32m  OK  [0m] Listening on Journal Socket (/dev/log).
[   15.226585] systemd[1]: Starting Remount Root and Kernel File Systems...
[   15.227103] random: nonblocking pool is initialized
[   15.230771] EXT4-fs (sda1): re-mounted. Opts: (null)
         Starting Remount Root and Kernel File Systems...
[   15.314563] systemd[1]: Listening on Syslog Socket.
[[0;32m  OK  [0m] Listening on Syslog Socket.
[   15.354188] systemd[1]: Starting Journal Service...
         Starting Journal Service...
[   15.438187] systemd[1]: Reached target Slices.
[[0;32m  OK  [0m] Reached target Slices.
[   15.490513] systemd[1]: Starting Nameserver information manager...
         Starting Nameserver information manager...
[   15.571082] systemd[1]: Mounted Huge Pages File System.
[[0;32m  OK  [0m] Mounted Huge Pages File System.
[   15.626607] systemd[1]: Mounted Debug File System.
[[0;32m  OK  [0m] Mounted Debug File System.
[   15.666024] systemd[1]: Mounted POSIX Message Queue File System.
[[0;32m  OK  [0m] Mounted POSIX Message Queue File System.
[   15.722137] systemd[1]: Started Journal Service.
[[0;32m  OK  [0m] Started Journal Service.
[[0;32m  OK  [0m] Started Load Kernel Modules.
[[0;32m  OK  [0m] Started Uncomplicated firewall.
[[0;32m  OK  [0m] Started Create list of required sta...ce nodes for the current kernel.
[[0;32m  OK  [0m] Started Set console keymap.
[[0;32m  OK  [0m] Started Remount Root and Kernel File Systems.
[[0;32m  OK  [0m] Started Nameserver information manager.
[[0;32m  OK  [0m] Started LVM2 metadata daemon.
         Starting Load/Save Random Seed...
         Starting udev Coldplug all Devices...
         Starting Initial cloud-init job (pre-networking)...
         Starting Create Static Device Nodes in /dev...
         Mounting FUSE Control File System...
         Starting Apply Kernel Variables...
         Starting Flush Journal to Persistent Storage...
[[0;32m  OK  [0m] Mounted FUSE Control File System.
[[0;32m  OK  [0m] Started Load/Save Random Seed.
[[0;32m  OK  [0m] Started Create Static Device Nodes in /dev.
[[0;32m  OK  [0m] Started Apply Kernel Variables.
[[0;32m  OK  [0m] Started udev Coldplug all Devices.
[[0;32m  OK  [0m] Started Flush Journal to Persistent Storage.
         Starting udev Kernel Device Manager...
[[0;32m  OK  [0m] Started udev Kernel Device Manager.
[[0;32m  OK  [0m] Started Dispatch Password Requests to Console Directory Watch.
[[0;32m  OK  [0m] Started Monitoring of LVM2 mirrors,...ng dmeventd or progress polling.
[[0;32m  OK  [0m] Found device /dev/ttyS0.
[[0;32m  OK  [0m] Reached target Local File Systems (Pre).
[[0;32m  OK  [0m] Reached target Local File Systems.
         Starting Set console font and keymap...
         Starting Tell Plymouth To Write Out Runtime Data...
         Starting Commit a transient machine-id on disk...
         Starting LSB: AppArmor initialization...
         Starting Create Volatile Files and Directories...
[[0;32m  OK  [0m] Started Tell Plymouth To Write Out Runtime Data.
[[0;32m  OK  [0m] Started Commit a transient machine-id on disk.
[[0;32m  OK  [0m] Started Create Volatile Files and Directories.
[[0;32m  OK  [0m] Reached target System Time Synchronized.
         Starting Update UTMP about System Boot/Shutdown...
[[0;32m  OK  [0m] Started Update UTMP about System Boot/Shutdown.
[[0;32m  OK  [0m] Listening on Load/Save RF Kill Switch Status /dev/rfkill Watch.
[   15.005511] cloud-init[452]: Cloud-init v. 0.7.9 running 'init-local' at Mon, 17 Apr 2017 20:33:58 +0000. Up 14.33 seconds.
[[0;32m  OK  [0m] Started Initial cloud-init job (pre-networking).
[[0;1;31mFAILED[0m] Failed to start Set console font and keymap.
See 'systemctl status console-setup.service' for details.
[[0;32m  OK  [0m] Created slice system-getty.slice.
[[0;32m  OK  [0m] Reached target Network (Pre).
[[0;32m  OK  [0m] Started LSB: AppArmor initialization.
         Starting Raise network interfaces...
[[0;32m  OK  [0m] Started Raise network interfaces.
         Starting Initial cloud-init job (metadata service crawler)...
[[0;32m  OK  [0m] Reached target Network.
[   18.166527] cloud-init[921]: Cloud-init v. 0.7.9 running 'init' at Mon, 17 Apr 2017 20:34:02 +0000. Up 17.47 seconds.
[   18.205246] cloud-init[921]: ci-info: +++++++++++++++++++++++++++++++++++++Net device info++++++++++++++++++++++++++++++++++++++
[[   18.271860] cloud-init[921]: ci-info: +--------+-------+---------------------------+---------------+-------+-------------------+
[   18.272856] cloud-init[921]: ci-info: | Device |   Up  |          Address          |      Mask     | Scope |     Hw-Address    |
[0;32m  OK  [0m] Started Initial cloud-init job (metadata service crawler).
[   18.273131] cloud-init[921]: ci-info: +--------+-------+---------------------------+---------------+-------+-------------------+
[   18.404679] cloud-init[921]: ci-info: | enp0s8 | False |             .             |       .       |   .   | 08:00:27:4a:67:9a |
[   18.405087] cloud-init[921]: ci-info: |   lo   |  True |         127.0.0.1         |   255.0.0.0   |   .   |         .         |
[[0;32m  OK  [0m] Reached target Network is Online.
[   18.405501] cloud-init[921]: ci-info: |   lo   |  True |          ::1/128          |       .       |  host |         .         |
[   18.565178] cloud-init[921]: ci-info: | enp0s3 |  True |         10.0.2.15         | 255.255.255.0 |   .   | 02:a6:c0:ed:0e:40 |
[   18.565632] cloud-init[921]: ci-info: | enp0s3 |  True | fe80::a6:c0ff:feed:e40/64 |       .       |  link | 02:a6:c0:ed:0e:40 |
         Starting iSCSI initiator daemon (iscsid)...
[[0;32m  OK  [0m[   18.565958] ] cloud-initReached target Cloud-config availability.[921]: 
ci-info: +--------+-------+---------------------------+---------------+-------+-------------------+
[   18.752577] cloud-init[921]: ci-info: +++++++++++++++++++++++++++Route IPv4 info++++++++++++++++++++++++++++
[   18.752972] cloud-init[921]: ci-info: +-------+-------------+----------+---------------+-----------+-------+
[[0;32m  OK  [0m] Reached target System Initialization.
[   18.753159] cloud-init[921]: ci-info: | Route | Destination | Gateway  |    Genmask    | Interface | Flags |
[   18.927314] cloud-init[921]: ci-info: +-------+-------------+----------+---------------+-----------+-------+
[   18.927711] cloud-init[921]: ci-info: |   0   |   0.0.0.0   | 10.0.2.2 |    0.0.0.0    |   enp0s3  |   UG  |
         Starting Socket activation for snappy daemon.
[   18.927859] cloud-init[921]: ci-info: |   1   |   10.0.2.0  | 0.0.0.0  | 255.255.255.0 |   enp0s3  |   U   |
[   19.125303] cloud-init[921]: ci-info: +-------+-------------+----------+---------------+-----------+-------+
[   19.125954] cloud-init[921]: Generating public/private rsa key pair.
         Starting LXD - unix socket.
[[   19.126012] cloud-init[921]: Your identification has been saved in /etc/ssh/ssh_host_rsa_key.
[0;32m  OK  [0m] Started Daily apt activities.
[   19.237346] cloud-init[921]: Your public key has been saved in /etc/ssh/ssh_host_rsa_key.pub.
[   19.293585] cloud-init[921]: The key fingerprint is:
[[0;32m  OK  [0m] Started Daily Cleanup of Temporary Directories.
[   19.293722] cloud-init[921]: SHA256:zZTffnMYJR/ZIv/8POnmjCcHolxjtAPlBbi7me6RtjE root@ubuntu-xenial
[   19.377524] [cloud-init[0;32m  OK  [0m[921]: ] The key's randomart image is:Listening on UUID daemon activation socket.

[   19.377757] cloud-init[921]: +---[RSA 2048]----+
[   19.436591] cloud-init[921]: |          ...    |
[   19.436987] cloud-init[921]: |         . o .  o|
[[0;32m  OK  [0m] Started ACPI Events Check.
[[   19.437314] cloud-init[921]: |          * o ooo|
[   19.513234] cloud-init[921]: |         * + + =.|
[0;32m  OK  [0m] Started Trigger resolvconf update for networkd DNS.
[   19.513379] cloud-init[921]: |        S * o + .|
[   19.541291] cloud-init[921]: |         ..B o = |
[[0;32m  OK  [0m] Reached target Paths.
[[   19.541507] cloud-init[921]: |        .EB + +.*|
[   19.645967] cloud-init[921]: |        .*=  .oO+|
[0;32m  OK  [0m] Listening on ACPID Listen Socket.
[[   19.646342] cloud-init[921]: |        o+   .B++|
[   19.725598] [0;32m  OK  [0mcloud-init] [921]: Started Timer to automatically refresh installed snaps.+----[SHA256]-----+

[   19.768574] cloud-init[921]: Generating public/private dsa key pair.
[   19.769207] cloud-init[921]: Your identification has been saved in /etc/ssh/ssh_host_dsa_key.
[[0;32m  OK  [0m] Reached target Timers.
[[   19.769633] cloud-init[921]: Your public key has been saved in /etc/ssh/ssh_host_dsa_key.pub.
[   19.901367] cloud-init[921]: The key fingerprint is:
[0;32m  OK  [0m] Listening on D-Bus System Message Bus Socket.
[   19.901440] cloud-init[921]: SHA256:+BlIwRonx15J0fvPd12UL4c/6DSsDfKAY3y7c9IEocc root@ubuntu-xenial
[   20.004520] cloud-init[921]: The key's randomart image is:
[   20.004902] cloud-init[921]: +---[DSA 1024]----+
[[0;32m  OK  [0m] Listening on Socket activation for snappy daemon.
[[   20.005083] cloud-init[921]: |     o..o+       |
[   20.085112] cloud-init[921]: |    o =.o..      |
[0;32m  OK  [0m] Listening on LXD - unix socket.
[[   20.085208] cloud-init[921]: |     B..o ..    .|
[   20.113095] cloud-init[921]: |    ...+ E.    ..|
[0;32m  OK  [0m] Started iSCSI initiator daemon (iscsid).
[   20.113385] cloud-init[921]: |      o S ..   o.|
[   20.244475] cloud-init[921]: |      ...o .o o +|
[   20.244899] cloud-init[921]: |       =o+o. *.+o|
         Starting Login to default iSCSI targets...
[[   20.245081] cloud-init[0;32m  OK  [0m[921]: ] |      . oo=o=.+.=|Reached target Sockets.

[   20.343865] cloud-init[921]: |         o=o.o .o|
[   20.344433] cloud-init[921]: +----[SHA256]-----+
[[0;32m  OK  [0m] Reached target Basic System.
[   20.344801] cloud-init[921]: Generating public/private ecdsa key pair.
[   20.361239] cloud-init[921]: Your identification has been saved in /etc/ssh/ssh_host_ecdsa_key.
[   20.361619] cloud-init[921]: Your public key has been saved in /etc/ssh/ssh_host_ecdsa_key.pub.
[[0;32m  OK  [0m] Started ACPI event daemon.
[   20.361952] cloud-init[921]: The key fingerprint is:
[   20.494583] cloud-init[921]: SHA256:aUkQhJDPULLMXn4ABX8MRuBzm1n2OsJwdqNNhmKRp/4 root@ubuntu-xenial
         Starting Apply the settings specified in cloud-config...
[   20.515430] cloud-init[921]: The key's randomart image is:
         Starting LXD - container startup/shutdown...
         Starting LSB: Record successful boot for GRUB...
[   20.545240] cloud-init[921]: +---[ECDSA 256]---+
         Starting /etc/rc.local Compatibility...
[   20.576587] cloud-init[921]: |  *O*o+.         |
[   20.602325] cloud-init[921]: | +oB.o .         |
[   20.607032] cloud-init[921]: |  O+* = .        |
[   20.607364] cloud-init[921]: | . OoX o o       |
         Starting Accounts Service...
[   20.607694] cloud-init[921]: |  * O * S        |
[   20.628412] cloud-init[921]: | o * B +         |
[   20.628759] cloud-init[921]: |  . + +          |
         Starting Login Service...
[   20.629084] cloud-init[921]: |   . . .         |
[   20.712721] cloud-init[921]: |    E            |
[   20.735829] cloud-init[921]: +----[SHA256]-----+
[   20.736193] cloud-init[921]: Generating public/private ed25519 key pair.
         Starting System Logging Service...
[   20.736524] cloud-init[921]: Your identification has been saved in /etc/ssh/ssh_host_ed25519_key.
[   20.746629] cloud-init[921]: Your public key has been saved in /etc/ssh/ssh_host_ed25519_key.pub.
[   20.746936] cloud-init[921]: The key fingerprint is:
         Starting Pollinate to seed the pseudo random number generator...
[   20.747265] cloud-init[921]: SHA256:rK8HWTFDMVQWooVqZ6Nv6IHP3XcL3az+YkM1loHRBIA root@ubuntu-xenial
[   20.818309] cloud-init[921]: The key's randomart image is:
[   20.818648] cloud-init[921]: +--[ED25519 256]--+
[[0;32m  OK  [0m] Started Regular background program processing daemon.
[   20.818972] cloud-init[921]: |       +B+=oo*.  |
[   20.860998] cloud-init[921]: |      .oE+  . o  |
[   20.885539] cloud-init[921]: |     ..  +     o |
[   20.885871] cloud-init[921]: |    o +..     =  |
[[0;32m  OK  [0m] Started D-Bus System Message Bus.
[   20.886232] cloud-init[921]: |   . + +S    o . |
[   20.997196] cloud-init[921]: |   .. o.   ..o   |
         [   20.997484] Starting LSB: MD monitoring daemon...cloud-init
[921]: |  . .o..  ... o  |
[   20.997845] cloud-init[921]: |   o.ooo. ..=.   |
[[   21.065123] cloud-init[921]: |   .+.ooo. ++=.  |
[   21.065296] cloud-init[921]: +----[SHA256]-----+
[0;32m  OK  [0m] Started Deferred execution scheduler.
[[0;32m  OK  [0m] Started FUSE filesystem for LXC.
[[0;32m  OK  [0m] Started Snappy daemon.
         Starting Auto import assertions from block devices...
[[0;32m  OK  [0m] Started System Logging Service.
[[0;32m  OK  [0m] Started LXD - container startup/shutdown.
[   21.192781] cloud-init[1020]: Generating locales (this might take a while)...
[[0;32m  OK  [0m] Started /etc/rc.local Compatibility.
[[0;32m  OK  [0m] Started Pollinate to seed the pseudo random number generator.
[[0;32m  OK  [0m] Started Auto import assertions from block devices.
[[0;32m  OK  [0m] Started Login to default iSCSI targets.
[[0;32m  OK  [0m] Started LSB: Record successful boot for GRUB.
[[0;32m  OK  [0m] Started LSB: MD monitoring daemon.
[[0;32m  OK  [0m] Started Login Service.
         Starting Authenticate and Authorize Users to Run Privileged Tasks...
[[0;32m  OK  [0m] Reached target Remote File Systems (Pre).
[[0;32m  OK  [0m] Reached target Remote File Systems.
         Starting LSB: daemon to balance interrupts for SMP systems...
         Starting LSB: VirtualBox Linux Additions...
         Starting LSB: automatic crash report generation...
         Starting LSB: Set the CPU Frequency Scaling governor to "ondemand"...
         Starting Permit User Sessions...
         Starting OpenBSD Secure Shell server...
[[0;32m  OK  [0m] Started OpenBSD Secure Shell server.
[[0;32m  OK  [0m] Started Permit User Sessions.
[[0;32m  OK  [0m] Started Authenticate and Authorize Users to Run Privileged Tasks.
[[0;32m  OK  [0m] Started Accounts Service.
[[0;32m  OK  [0m] Started LSB: daemon to balance interrupts for SMP systems.
         Starting Hold until boot process finishes up...
         Starting Terminate Plymouth Boot Screen...
[[0;32m  OK  [0m] Started LSB: automatic crash report generation.
[[0;32m  OK  [0m] Started LSB: Set the CPU Frequency Scaling governor to "ondemand".
[[0;32m  OK  [0m] Started LSB: VirtualBox Linux Additions.
[[0;32m  OK  [0m] Started Hold until boot process finishes up.
[[0;32m  OK  [0m] Started Terminate Plymouth Boot Screen.
         Starting Set console scheme...
[[0;32m  OK  [0m] Started Getty on tty1.
[[0;32m  OK  [0m] Started Serial Getty on ttyS0.
[[0;32m  OK  [0m] Reached target Login Prompts.
[[0;32m  OK  [0m] Reached target Multi-User System.
[[0;32m  OK  [0m] Reached target Graphical Interface.
         Starting Update UTMP about System Runlevel Changes...
[[0;32m  OK  [0m] Started Set console scheme.
[   22.509970] cloud-init[1020]:   en_US.UTF-8... done
[   22.531404] cloud-init[1020]: Generation complete.
[[0;32m  OK  [0m] Started Update UTMP about System Runlevel Changes.
         Stopping OpenBSD Secure Shell server...
[[0;32m  OK  [0m] Stopped OpenBSD Secure Shell server.
         Starting OpenBSD Secure Shell server...
[[0;32m  OK  [0m] Started OpenBSD Secure Shell server.
[   23.005030] cloud-init[1020]: Cloud-init v. 0.7.9 running 'modules:config' at Mon, 17 Apr 2017 20:34:05 +0000. Up 21.00 seconds.
[[0;32m  OK  [0m] Started Apply the settings specified in cloud-config.
         Starting Execute cloud user/final scripts...
ci-info: no authorized ssh keys fingerprints found for user ubuntu.
<14>Apr 17 20:34:08 ec2: 
<14>Apr 17 20:34:08 ec2: #############################################################
<14>Apr 17 20:34:08 ec2: -----BEGIN SSH HOST KEY FINGERPRINTS-----
<14>Apr 17 20:34:08 ec2: 1024 SHA256:+BlIwRonx15J0fvPd12UL4c/6DSsDfKAY3y7c9IEocc root@ubuntu-xenial (DSA)
<14>Apr 17 20:34:08 ec2: 256 SHA256:aUkQhJDPULLMXn4ABX8MRuBzm1n2OsJwdqNNhmKRp/4 root@ubuntu-xenial (ECDSA)
<14>Apr 17 20:34:08 ec2: 256 SHA256:rK8HWTFDMVQWooVqZ6Nv6IHP3XcL3az+YkM1loHRBIA root@ubuntu-xenial (ED25519)
<14>Apr 17 20:34:08 ec2: 2048 SHA256:zZTffnMYJR/ZIv/8POnmjCcHolxjtAPlBbi7me6RtjE root@ubuntu-xenial (RSA)
<14>Apr 17 20:34:08 ec2: -----END SSH HOST KEY FINGERPRINTS-----
<14>Apr 17 20:34:08 ec2: #############################################################
-----BEGIN SSH HOST KEY KEYS-----
ecdsa-sha2-nistp256 AAAAE2VjZHNhLXNoYTItbmlzdHAyNTYAAAAIbmlzdHAyNTYAAABBBDTVwQH9Krgn6XMj3oRgrmn8meCg1xqJMYBpkU2e+V5Q44GQhSApAdhmPj3SsPqyXXoSMMmgYghIvt7mWLBUUU4= root@ubuntu-xenial
ssh-ed25519 AAAAC3NzaC1lZDI1NTE5AAAAIHKx14nlveUdXrEq2RKn0MBJqUjiV2ndnIAuLAakO9gO root@ubuntu-xenial
ssh-rsa AAAAB3NzaC1yc2EAAAADAQABAAABAQDeDUjIKlguhtodzMARNidfihybpmOUZ6AnMiQF3r9HuQ4MDgv5Aj5F6nwUpoy779VPwkgE5l7VfYCtaIW0V0+hAI2iL4uMNKJBdTPFO4zZv7PthS+VEEOAEsCzeJ4XpN6+1RgVJiT1fTJtG2nwUrui2XMep/wvKE6bKQ7JuuSZqqQQxZrQ54Y9c9qJ6GMwkNDcWjGeiEW+FY+kvc1OOMFhwpb2R3NoupFcS7T7Jyvjm/WGN7Orr9q1Qo1iwfjnxkwHOeJ+H/zkhYuSLf9FLGA343o5A37XyXBH6RlfcZ9kuiJoE6op2A9lE/zD+679DUALRD/WmRmvJle/edhuOYZz root@ubuntu-xenial
-----END SSH HOST KEY KEYS-----
[   24.164376] cloud-init[1288]: Cloud-init v. 0.7.9 running 'modules:final' at Mon, 17 Apr 2017 20:34:08 +0000. Up 23.52 seconds.
[[0;32m  OK  [0[   24.232818] cloud-init[1288]: ci-info: no authorized ssh keys fingerprints found for user ubuntu.
[   24.308893] cloud-init[1288]: Cloud-init v. 0.7.9 finished at Mon, 17 Apr 2017 20:34:08 +0000. Datasource DataSourceNoCloud [seed=/dev/sdb][dsmode=net].  Up 24.15 seconds

Ubuntu 16.04.2 LTS ubuntu-xenial ttyS0

ubuntu-xenial login: 